[2023-12-12 09:33:46] local.ERROR: There are no commands defined in the "breeze" namespace. {"exception":"[object] (Symfony\\Component\\Console\\Exception\\NamespaceNotFoundException(code: 0): There are no commands defined in the \"breeze\" namespace. at /home/salvador/Desktop/DAW/dawServidor/libreria/vendor/symfony/console/Application.php:669)
[stacktrace]
#0 /home/salvador/Desktop/DAW/dawServidor/libreria/vendor/symfony/console/Application.php(720): Symfony\\Component\\Console\\Application->findNamespace()
#1 /home/salvador/Desktop/DAW/dawServidor/libreria/vendor/symfony/console/Application.php(266): Symfony\\Component\\Console\\Application->find()
#2 /home/salvador/Desktop/DAW/dawServidor/libreria/vendor/symfony/console/Application.php(175): Symfony\\Component\\Console\\Application->doRun()
#3 /home/salvador/Desktop/DAW/dawServidor/libreria/vendor/laravel/framework/src/Illuminate/Foundation/Console/Kernel.php(201): Symfony\\Component\\Console\\Application->run()
#4 /home/salvador/Desktop/DAW/dawServidor/libreria/artisan(35): Illuminate\\Foundation\\Console\\Kernel->handle()
#5 {main}
"} 
[2023-12-12 09:55:00] local.ERROR: SQLSTATE[42P01]: Undefined table: 7 ERROR:  no existe la relación «libro» (Connection: pgsql, SQL: alter table "libro" add column "seccion_id" bigint not null) {"exception":"[object] (Illuminate\\Database\\QueryException(code: 42P01): SQLSTATE[42P01]: Undefined table: 7 ERROR:  no existe la relación «libro» (Connection: pgsql, SQL: alter table \"libro\" add column \"seccion_id\" bigint not null) at /home/salvador/Desktop/DAW/dawServidor/libreria/vendor/laravel/framework/src/Illuminate/Database/Connection.php:822)
[stacktrace]
#0 /home/salvador/Desktop/DAW/dawServidor/libreria/vendor/laravel/framework/src/Illuminate/Database/Connection.php(776): Illuminate\\Database\\Connection->runQueryCallback()
#1 /home/salvador/Desktop/DAW/dawServidor/libreria/vendor/laravel/framework/src/Illuminate/Database/Connection.php(569): Illuminate\\Database\\Connection->run()
#2 /home/salvador/Desktop/DAW/dawServidor/libreria/vendor/laravel/framework/src/Illuminate/Database/Schema/Blueprint.php(110): Illuminate\\Database\\Connection->statement()
#3 /home/salvador/Desktop/DAW/dawServidor/libreria/vendor/laravel/framework/src/Illuminate/Database/Schema/Builder.php(512): Illuminate\\Database\\Schema\\Blueprint->build()
#4 /home/salvador/Desktop/DAW/dawServidor/libreria/vendor/laravel/framework/src/Illuminate/Database/Schema/Builder.php(354): Illuminate\\Database\\Schema\\Builder->build()
#5 /home/salvador/Desktop/DAW/dawServidor/libreria/vendor/laravel/framework/src/Illuminate/Support/Facades/Facade.php(355): Illuminate\\Database\\Schema\\Builder->table()
#6 /home/salvador/Desktop/DAW/dawServidor/libreria/database/migrations/2023_12_12_095317_add_seccion_id_to_libro_table.php(14): Illuminate\\Support\\Facades\\Facade::__callStatic()
#7 /home/salvador/Desktop/DAW/dawServidor/libreria/vendor/laravel/framework/src/Illuminate/Database/Migrations/Migrator.php(493): Illuminate\\Database\\Migrations\\Migration@anonymous->up()
#8 /home/salvador/Desktop/DAW/dawServidor/libreria/vendor/laravel/framework/src/Illuminate/Database/Migrations/Migrator.php(410): Illuminate\\Database\\Migrations\\Migrator->runMethod()
#9 /home/salvador/Desktop/DAW/dawServidor/libreria/vendor/laravel/framework/src/Illuminate/Database/Concerns/ManagesTransactions.php(30): Illuminate\\Database\\Migrations\\Migrator->Illuminate\\Database\\Migrations\\{closure}()
#10 /home/salvador/Desktop/DAW/dawServidor/libreria/vendor/laravel/framework/src/Illuminate/Database/Migrations/Migrator.php(418): Illuminate\\Database\\Connection->transaction()
#11 /home/salvador/Desktop/DAW/dawServidor/libreria/vendor/laravel/framework/src/Illuminate/Database/Migrations/Migrator.php(216): Illuminate\\Database\\Migrations\\Migrator->runMigration()
#12 /home/salvador/Desktop/DAW/dawServidor/libreria/vendor/laravel/framework/src/Illuminate/Console/View/Components/Task.php(37): Illuminate\\Database\\Migrations\\Migrator->Illuminate\\Database\\Migrations\\{closure}()
#13 /home/salvador/Desktop/DAW/dawServidor/libreria/vendor/laravel/framework/src/Illuminate/Database/Migrations/Migrator.php(756): Illuminate\\Console\\View\\Components\\Task->render()
#14 /home/salvador/Desktop/DAW/dawServidor/libreria/vendor/laravel/framework/src/Illuminate/Database/Migrations/Migrator.php(216): Illuminate\\Database\\Migrations\\Migrator->write()
#15 /home/salvador/Desktop/DAW/dawServidor/libreria/vendor/laravel/framework/src/Illuminate/Database/Migrations/Migrator.php(181): Illuminate\\Database\\Migrations\\Migrator->runUp()
#16 /home/salvador/Desktop/DAW/dawServidor/libreria/vendor/laravel/framework/src/Illuminate/Database/Migrations/Migrator.php(124): Illuminate\\Database\\Migrations\\Migrator->runPending()
#17 /home/salvador/Desktop/DAW/dawServidor/libreria/vendor/laravel/framework/src/Illuminate/Database/Console/Migrations/MigrateCommand.php(90): Illuminate\\Database\\Migrations\\Migrator->run()
#18 /home/salvador/Desktop/DAW/dawServidor/libreria/vendor/laravel/framework/src/Illuminate/Database/Migrations/Migrator.php(633): Illuminate\\Database\\Console\\Migrations\\MigrateCommand->Illuminate\\Database\\Console\\Migrations\\{closure}()
#19 /home/salvador/Desktop/DAW/dawServidor/libreria/vendor/laravel/framework/src/Illuminate/Database/Console/Migrations/MigrateCommand.php(83): Illuminate\\Database\\Migrations\\Migrator->usingConnection()
#20 /home/salvador/Desktop/DAW/dawServidor/libreria/vendor/laravel/framework/src/Illuminate/Container/BoundMethod.php(36): Illuminate\\Database\\Console\\Migrations\\MigrateCommand->handle()
#21 /home/salvador/Desktop/DAW/dawServidor/libreria/vendor/laravel/framework/src/Illuminate/Container/Util.php(41): Illuminate\\Container\\BoundMethod::Illuminate\\Container\\{closure}()
#22 /home/salvador/Desktop/DAW/dawServidor/libreria/vendor/laravel/framework/src/Illuminate/Container/BoundMethod.php(93): Illuminate\\Container\\Util::unwrapIfClosure()
#23 /home/salvador/Desktop/DAW/dawServidor/libreria/vendor/laravel/framework/src/Illuminate/Container/BoundMethod.php(35): Illuminate\\Container\\BoundMethod::callBoundMethod()
#24 /home/salvador/Desktop/DAW/dawServidor/libreria/vendor/laravel/framework/src/Illuminate/Container/Container.php(662): Illuminate\\Container\\BoundMethod::call()
#25 /home/salvador/Desktop/DAW/dawServidor/libreria/vendor/laravel/framework/src/Illuminate/Console/Command.php(211): Illuminate\\Container\\Container->call()
#26 /home/salvador/Desktop/DAW/dawServidor/libreria/vendor/symfony/console/Command/Command.php(326): Illuminate\\Console\\Command->execute()
#27 /home/salvador/Desktop/DAW/dawServidor/libreria/vendor/laravel/framework/src/Illuminate/Console/Command.php(180): Symfony\\Component\\Console\\Command\\Command->run()
#28 /home/salvador/Desktop/DAW/dawServidor/libreria/vendor/symfony/console/Application.php(1096): Illuminate\\Console\\Command->run()
#29 /home/salvador/Desktop/DAW/dawServidor/libreria/vendor/symfony/console/Application.php(324): Symfony\\Component\\Console\\Application->doRunCommand()
#30 /home/salvador/Desktop/DAW/dawServidor/libreria/vendor/symfony/console/Application.php(175): Symfony\\Component\\Console\\Application->doRun()
#31 /home/salvador/Desktop/DAW/dawServidor/libreria/vendor/laravel/framework/src/Illuminate/Foundation/Console/Kernel.php(201): Symfony\\Component\\Console\\Application->run()
#32 /home/salvador/Desktop/DAW/dawServidor/libreria/artisan(35): Illuminate\\Foundation\\Console\\Kernel->handle()
#33 {main}

[previous exception] [object] (PDOException(code: 42P01): SQLSTATE[42P01]: Undefined table: 7 ERROR:  no existe la relación «libro» at /home/salvador/Desktop/DAW/dawServidor/libreria/vendor/laravel/framework/src/Illuminate/Database/Connection.php:580)
[stacktrace]
#0 /home/salvador/Desktop/DAW/dawServidor/libreria/vendor/laravel/framework/src/Illuminate/Database/Connection.php(580): PDOStatement->execute()
#1 /home/salvador/Desktop/DAW/dawServidor/libreria/vendor/laravel/framework/src/Illuminate/Database/Connection.php(809): Illuminate\\Database\\Connection->Illuminate\\Database\\{closure}()
#2 /home/salvador/Desktop/DAW/dawServidor/libreria/vendor/laravel/framework/src/Illuminate/Database/Connection.php(776): Illuminate\\Database\\Connection->runQueryCallback()
#3 /home/salvador/Desktop/DAW/dawServidor/libreria/vendor/laravel/framework/src/Illuminate/Database/Connection.php(569): Illuminate\\Database\\Connection->run()
#4 /home/salvador/Desktop/DAW/dawServidor/libreria/vendor/laravel/framework/src/Illuminate/Database/Schema/Blueprint.php(110): Illuminate\\Database\\Connection->statement()
#5 /home/salvador/Desktop/DAW/dawServidor/libreria/vendor/laravel/framework/src/Illuminate/Database/Schema/Builder.php(512): Illuminate\\Database\\Schema\\Blueprint->build()
#6 /home/salvador/Desktop/DAW/dawServidor/libreria/vendor/laravel/framework/src/Illuminate/Database/Schema/Builder.php(354): Illuminate\\Database\\Schema\\Builder->build()
#7 /home/salvador/Desktop/DAW/dawServidor/libreria/vendor/laravel/framework/src/Illuminate/Support/Facades/Facade.php(355): Illuminate\\Database\\Schema\\Builder->table()
#8 /home/salvador/Desktop/DAW/dawServidor/libreria/database/migrations/2023_12_12_095317_add_seccion_id_to_libro_table.php(14): Illuminate\\Support\\Facades\\Facade::__callStatic()
#9 /home/salvador/Desktop/DAW/dawServidor/libreria/vendor/laravel/framework/src/Illuminate/Database/Migrations/Migrator.php(493): Illuminate\\Database\\Migrations\\Migration@anonymous->up()
#10 /home/salvador/Desktop/DAW/dawServidor/libreria/vendor/laravel/framework/src/Illuminate/Database/Migrations/Migrator.php(410): Illuminate\\Database\\Migrations\\Migrator->runMethod()
#11 /home/salvador/Desktop/DAW/dawServidor/libreria/vendor/laravel/framework/src/Illuminate/Database/Concerns/ManagesTransactions.php(30): Illuminate\\Database\\Migrations\\Migrator->Illuminate\\Database\\Migrations\\{closure}()
#12 /home/salvador/Desktop/DAW/dawServidor/libreria/vendor/laravel/framework/src/Illuminate/Database/Migrations/Migrator.php(418): Illuminate\\Database\\Connection->transaction()
#13 /home/salvador/Desktop/DAW/dawServidor/libreria/vendor/laravel/framework/src/Illuminate/Database/Migrations/Migrator.php(216): Illuminate\\Database\\Migrations\\Migrator->runMigration()
#14 /home/salvador/Desktop/DAW/dawServidor/libreria/vendor/laravel/framework/src/Illuminate/Console/View/Components/Task.php(37): Illuminate\\Database\\Migrations\\Migrator->Illuminate\\Database\\Migrations\\{closure}()
#15 /home/salvador/Desktop/DAW/dawServidor/libreria/vendor/laravel/framework/src/Illuminate/Database/Migrations/Migrator.php(756): Illuminate\\Console\\View\\Components\\Task->render()
#16 /home/salvador/Desktop/DAW/dawServidor/libreria/vendor/laravel/framework/src/Illuminate/Database/Migrations/Migrator.php(216): Illuminate\\Database\\Migrations\\Migrator->write()
#17 /home/salvador/Desktop/DAW/dawServidor/libreria/vendor/laravel/framework/src/Illuminate/Database/Migrations/Migrator.php(181): Illuminate\\Database\\Migrations\\Migrator->runUp()
#18 /home/salvador/Desktop/DAW/dawServidor/libreria/vendor/laravel/framework/src/Illuminate/Database/Migrations/Migrator.php(124): Illuminate\\Database\\Migrations\\Migrator->runPending()
#19 /home/salvador/Desktop/DAW/dawServidor/libreria/vendor/laravel/framework/src/Illuminate/Database/Console/Migrations/MigrateCommand.php(90): Illuminate\\Database\\Migrations\\Migrator->run()
#20 /home/salvador/Desktop/DAW/dawServidor/libreria/vendor/laravel/framework/src/Illuminate/Database/Migrations/Migrator.php(633): Illuminate\\Database\\Console\\Migrations\\MigrateCommand->Illuminate\\Database\\Console\\Migrations\\{closure}()
#21 /home/salvador/Desktop/DAW/dawServidor/libreria/vendor/laravel/framework/src/Illuminate/Database/Console/Migrations/MigrateCommand.php(83): Illuminate\\Database\\Migrations\\Migrator->usingConnection()
#22 /home/salvador/Desktop/DAW/dawServidor/libreria/vendor/laravel/framework/src/Illuminate/Container/BoundMethod.php(36): Illuminate\\Database\\Console\\Migrations\\MigrateCommand->handle()
#23 /home/salvador/Desktop/DAW/dawServidor/libreria/vendor/laravel/framework/src/Illuminate/Container/Util.php(41): Illuminate\\Container\\BoundMethod::Illuminate\\Container\\{closure}()
#24 /home/salvador/Desktop/DAW/dawServidor/libreria/vendor/laravel/framework/src/Illuminate/Container/BoundMethod.php(93): Illuminate\\Container\\Util::unwrapIfClosure()
#25 /home/salvador/Desktop/DAW/dawServidor/libreria/vendor/laravel/framework/src/Illuminate/Container/BoundMethod.php(35): Illuminate\\Container\\BoundMethod::callBoundMethod()
#26 /home/salvador/Desktop/DAW/dawServidor/libreria/vendor/laravel/framework/src/Illuminate/Container/Container.php(662): Illuminate\\Container\\BoundMethod::call()
#27 /home/salvador/Desktop/DAW/dawServidor/libreria/vendor/laravel/framework/src/Illuminate/Console/Command.php(211): Illuminate\\Container\\Container->call()
#28 /home/salvador/Desktop/DAW/dawServidor/libreria/vendor/symfony/console/Command/Command.php(326): Illuminate\\Console\\Command->execute()
#29 /home/salvador/Desktop/DAW/dawServidor/libreria/vendor/laravel/framework/src/Illuminate/Console/Command.php(180): Symfony\\Component\\Console\\Command\\Command->run()
#30 /home/salvador/Desktop/DAW/dawServidor/libreria/vendor/symfony/console/Application.php(1096): Illuminate\\Console\\Command->run()
#31 /home/salvador/Desktop/DAW/dawServidor/libreria/vendor/symfony/console/Application.php(324): Symfony\\Component\\Console\\Application->doRunCommand()
#32 /home/salvador/Desktop/DAW/dawServidor/libreria/vendor/symfony/console/Application.php(175): Symfony\\Component\\Console\\Application->doRun()
#33 /home/salvador/Desktop/DAW/dawServidor/libreria/vendor/laravel/framework/src/Illuminate/Foundation/Console/Kernel.php(201): Symfony\\Component\\Console\\Application->run()
#34 /home/salvador/Desktop/DAW/dawServidor/libreria/artisan(35): Illuminate\\Foundation\\Console\\Kernel->handle()
#35 {main}
"} 
[2023-12-12 11:08:23] local.ERROR: The "--columns" option does not exist. {"exception":"[object] (Symfony\\Component\\Console\\Exception\\RuntimeException(code: 0): The \"--columns\" option does not exist. at /home/salvador/Desktop/DAW/dawServidor/libreria/vendor/symfony/console/Input/ArgvInput.php:223)
[stacktrace]
#0 /home/salvador/Desktop/DAW/dawServidor/libreria/vendor/symfony/console/Input/ArgvInput.php(150): Symfony\\Component\\Console\\Input\\ArgvInput->addLongOption()
#1 /home/salvador/Desktop/DAW/dawServidor/libreria/vendor/symfony/console/Input/ArgvInput.php(85): Symfony\\Component\\Console\\Input\\ArgvInput->parseLongOption()
#2 /home/salvador/Desktop/DAW/dawServidor/libreria/vendor/symfony/console/Input/ArgvInput.php(74): Symfony\\Component\\Console\\Input\\ArgvInput->parseToken()
#3 /home/salvador/Desktop/DAW/dawServidor/libreria/vendor/symfony/console/Input/Input.php(56): Symfony\\Component\\Console\\Input\\ArgvInput->parse()
#4 /home/salvador/Desktop/DAW/dawServidor/libreria/vendor/symfony/console/Command/Command.php(285): Symfony\\Component\\Console\\Input\\Input->bind()
#5 /home/salvador/Desktop/DAW/dawServidor/libreria/vendor/laravel/framework/src/Illuminate/Console/Command.php(180): Symfony\\Component\\Console\\Command\\Command->run()
#6 /home/salvador/Desktop/DAW/dawServidor/libreria/vendor/symfony/console/Application.php(1096): Illuminate\\Console\\Command->run()
#7 /home/salvador/Desktop/DAW/dawServidor/libreria/vendor/symfony/console/Application.php(324): Symfony\\Component\\Console\\Application->doRunCommand()
#8 /home/salvador/Desktop/DAW/dawServidor/libreria/vendor/symfony/console/Application.php(175): Symfony\\Component\\Console\\Application->doRun()
#9 /home/salvador/Desktop/DAW/dawServidor/libreria/vendor/laravel/framework/src/Illuminate/Foundation/Console/Kernel.php(201): Symfony\\Component\\Console\\Application->run()
#10 /home/salvador/Desktop/DAW/dawServidor/libreria/artisan(35): Illuminate\\Foundation\\Console\\Kernel->handle()
#11 {main}
"} 
[2023-12-12 11:08:23] local.ERROR: The "--columns" option does not exist. {"exception":"[object] (Symfony\\Component\\Console\\Exception\\RuntimeException(code: 0): The \"--columns\" option does not exist. at /home/salvador/Desktop/DAW/dawServidor/libreria/vendor/symfony/console/Input/ArgvInput.php:223)
[stacktrace]
#0 /home/salvador/Desktop/DAW/dawServidor/libreria/vendor/symfony/console/Input/ArgvInput.php(150): Symfony\\Component\\Console\\Input\\ArgvInput->addLongOption()
#1 /home/salvador/Desktop/DAW/dawServidor/libreria/vendor/symfony/console/Input/ArgvInput.php(85): Symfony\\Component\\Console\\Input\\ArgvInput->parseLongOption()
#2 /home/salvador/Desktop/DAW/dawServidor/libreria/vendor/symfony/console/Input/ArgvInput.php(74): Symfony\\Component\\Console\\Input\\ArgvInput->parseToken()
#3 /home/salvador/Desktop/DAW/dawServidor/libreria/vendor/symfony/console/Input/Input.php(56): Symfony\\Component\\Console\\Input\\ArgvInput->parse()
#4 /home/salvador/Desktop/DAW/dawServidor/libreria/vendor/symfony/console/Command/Command.php(285): Symfony\\Component\\Console\\Input\\Input->bind()
#5 /home/salvador/Desktop/DAW/dawServidor/libreria/vendor/laravel/framework/src/Illuminate/Console/Command.php(180): Symfony\\Component\\Console\\Command\\Command->run()
#6 /home/salvador/Desktop/DAW/dawServidor/libreria/vendor/symfony/console/Application.php(1096): Illuminate\\Console\\Command->run()
#7 /home/salvador/Desktop/DAW/dawServidor/libreria/vendor/symfony/console/Application.php(324): Symfony\\Component\\Console\\Application->doRunCommand()
#8 /home/salvador/Desktop/DAW/dawServidor/libreria/vendor/symfony/console/Application.php(175): Symfony\\Component\\Console\\Application->doRun()
#9 /home/salvador/Desktop/DAW/dawServidor/libreria/vendor/laravel/framework/src/Illuminate/Foundation/Console/Kernel.php(201): Symfony\\Component\\Console\\Application->run()
#10 /home/salvador/Desktop/DAW/dawServidor/libreria/artisan(35): Illuminate\\Foundation\\Console\\Kernel->handle()
#11 {main}
"} 
[2023-12-12 11:52:14] local.ERROR: The "--columns" option does not exist. {"exception":"[object] (Symfony\\Component\\Console\\Exception\\RuntimeException(code: 0): The \"--columns\" option does not exist. at /home/salvador/Desktop/DAW/dawServidor/libreria/vendor/symfony/console/Input/ArgvInput.php:223)
[stacktrace]
#0 /home/salvador/Desktop/DAW/dawServidor/libreria/vendor/symfony/console/Input/ArgvInput.php(150): Symfony\\Component\\Console\\Input\\ArgvInput->addLongOption()
#1 /home/salvador/Desktop/DAW/dawServidor/libreria/vendor/symfony/console/Input/ArgvInput.php(85): Symfony\\Component\\Console\\Input\\ArgvInput->parseLongOption()
#2 /home/salvador/Desktop/DAW/dawServidor/libreria/vendor/symfony/console/Input/ArgvInput.php(74): Symfony\\Component\\Console\\Input\\ArgvInput->parseToken()
#3 /home/salvador/Desktop/DAW/dawServidor/libreria/vendor/symfony/console/Input/Input.php(56): Symfony\\Component\\Console\\Input\\ArgvInput->parse()
#4 /home/salvador/Desktop/DAW/dawServidor/libreria/vendor/symfony/console/Command/Command.php(285): Symfony\\Component\\Console\\Input\\Input->bind()
#5 /home/salvador/Desktop/DAW/dawServidor/libreria/vendor/laravel/framework/src/Illuminate/Console/Command.php(180): Symfony\\Component\\Console\\Command\\Command->run()
#6 /home/salvador/Desktop/DAW/dawServidor/libreria/vendor/symfony/console/Application.php(1096): Illuminate\\Console\\Command->run()
#7 /home/salvador/Desktop/DAW/dawServidor/libreria/vendor/symfony/console/Application.php(324): Symfony\\Component\\Console\\Application->doRunCommand()
#8 /home/salvador/Desktop/DAW/dawServidor/libreria/vendor/symfony/console/Application.php(175): Symfony\\Component\\Console\\Application->doRun()
#9 /home/salvador/Desktop/DAW/dawServidor/libreria/vendor/laravel/framework/src/Illuminate/Foundation/Console/Kernel.php(201): Symfony\\Component\\Console\\Application->run()
#10 /home/salvador/Desktop/DAW/dawServidor/libreria/artisan(35): Illuminate\\Foundation\\Console\\Kernel->handle()
#11 {main}
"} 
